Compiled application.js  (0ms)  (pid 55337)
Compiled application.js  (0ms)  (pid 55359)
Compiled rails_admin/jquery.colorpicker.js  (0ms)  (pid 55359)
Compiled rails_admin/rails_admin.js  (113ms)  (pid 55359)
Compiled jquery.js  (6ms)  (pid 55359)
Compiled jquery_ujs.js  (0ms)  (pid 55359)
Compiled rails_admin/jquery_nested_form.js  (0ms)  (pid 55359)
Compiled jquery.remotipart.js  (3ms)  (pid 55359)
Compiled jquery.iframe-transport.js  (1ms)  (pid 55359)
Compiled rails_admin/jquery.pjax.js  (0ms)  (pid 55359)
Compiled rails_admin/jquery-ui-1.8.16.custom.js  (4ms)  (pid 55359)
Compiled bootstrap.js  (16ms)  (pid 55359)
Compiled bootstrap-modal.js  (0ms)  (pid 55359)
Compiled bootstrap-buttons.js  (0ms)  (pid 55359)
Compiled bootstrap-dropdown.js  (0ms)  (pid 55359)
Compiled bootstrap-scrollspy.js  (0ms)  (pid 55359)
Compiled bootstrap-tabs.js  (84ms)  (pid 55359)
Compiled bootstrap-twipsy.js  (0ms)  (pid 55359)
Compiled bootstrap-popover.js  (0ms)  (pid 55359)
Compiled bootstrap-alerts.js  (0ms)  (pid 55359)
Compiled rails_admin/jquery.ui.timepicker.js  (2ms)  (pid 55359)
Compiled rails_admin/ra.datetimepicker.js  (0ms)  (pid 55359)
Compiled rails_admin/ra.filter-box.js  (0ms)  (pid 55359)
Compiled rails_admin/ra.filtering-multiselect.js  (0ms)  (pid 55359)
Compiled rails_admin/ra.filtering-select.js  (0ms)  (pid 55359)
Compiled rails_admin/ra.remote-form.js  (0ms)  (pid 55359)
Compiled rails_admin/ui.js  (204ms)  (pid 55359)
Compiled rails_admin/themes/default/ui.js  (0ms)  (pid 55359)
Compiled rails_admin/custom/ui.js  (0ms)  (pid 55359)
Compiled rails_admin/jquery.colorpicker.css  (64ms)  (pid 55359)
Compiled rails_admin/rails_admin.css  (2ms)  (pid 55359)
Compiled rails_admin/imports.css  (5486ms)  (pid 55359)
Compiled application.js  (0ms)  (pid 55355)
Compiled rails_admin/jquery.colorpicker.js  (1ms)  (pid 55355)
Compiled rails_admin/rails_admin.js  (46ms)  (pid 55355)
Compiled jquery.js  (29ms)  (pid 55355)
Compiled jquery_ujs.js  (1ms)  (pid 55355)
Compiled rails_admin/jquery_nested_form.js  (0ms)  (pid 55355)
Compiled jquery.remotipart.js  (10ms)  (pid 55355)
Compiled jquery.iframe-transport.js  (2ms)  (pid 55355)
Compiled rails_admin/jquery.pjax.js  (1ms)  (pid 55355)
Compiled rails_admin/jquery-ui-1.8.16.custom.js  (6ms)  (pid 55355)
Compiled bootstrap.js  (112ms)  (pid 55355)
Compiled bootstrap-modal.js  (1ms)  (pid 55355)
Compiled bootstrap-buttons.js  (24ms)  (pid 55355)
Compiled bootstrap-dropdown.js  (1ms)  (pid 55355)
Compiled bootstrap-scrollspy.js  (1ms)  (pid 55355)
Compiled bootstrap-tabs.js  (1ms)  (pid 55355)
Compiled bootstrap-twipsy.js  (1ms)  (pid 55355)
Compiled bootstrap-popover.js  (1ms)  (pid 55355)
Compiled bootstrap-alerts.js  (1ms)  (pid 55355)
Compiled rails_admin/jquery.ui.timepicker.js  (22ms)  (pid 55355)
Compiled rails_admin/ra.datetimepicker.js  (0ms)  (pid 55355)
Compiled rails_admin/ra.filter-box.js  (1ms)  (pid 55355)
Compiled rails_admin/ra.filtering-multiselect.js  (1ms)  (pid 55355)
Compiled rails_admin/ra.filtering-select.js  (1ms)  (pid 55355)
Compiled rails_admin/ra.remote-form.js  (1ms)  (pid 55355)
Compiled rails_admin/ui.js  (577ms)  (pid 55355)
Compiled rails_admin/themes/default/ui.js  (18ms)  (pid 55355)
Compiled rails_admin/custom/ui.js  (12ms)  (pid 55355)
Compiled rails_admin/jquery.colorpicker.css  (137ms)  (pid 55355)
Compiled rails_admin/rails_admin.css  (3ms)  (pid 55355)
Compiled rails_admin/imports.css  (5516ms)  (pid 55355)
